<?xml version="1.0" encoding="UTF-8"?>
<!-- Generated by org.testng.reporters.JUnitXMLReporter -->
<testsuite ignored="0" hostname="Lohith" failures="0" tests="2" name="Test-Runner-1" time="110.819" errors="0" timestamp="2021-12-07T18:05:31 IST">
  <testcase classname="com.vtiger.comcast.organizationtest.CreateOrganizationTest" name="createOrganizationTest" time="42.511"/>
  <testcase classname="com.vtiger.comcast.organizationtest.CreateOrganizationTest" name="createOrganization_With_Industries_And_Type_Test" time="22.454"/>
</testsuite> <!-- Test-Runner-1 -->
