<?xml version="1.0" encoding="UTF-8"?>
<!-- Generated by org.testng.reporters.JUnitXMLReporter -->
<testsuite ignored="0" hostname="Lohith" failures="0" tests="3" name="Test-Runner-2" time="153.501" errors="0" timestamp="2021-12-07T18:06:13 IST">
  <testcase classname="com.vtiger.comcast.organizationtest.CreateContactTest" name="createConatctWithOrgTest" time="86.746"/>
  <testcase classname="com.vtiger.comcast.organizationtest.CreateContactTest" name="createContactTest" time="17.451"/>
  <testcase classname="com.vtiger.comcast.organizationtest.CreateContactTest" name="createContact_Support_DateTest" time="13.275"/>
</testsuite> <!-- Test-Runner-2 -->
