<?xml version="1.0" encoding="UTF-8"?>
<!-- Generated by org.testng.reporters.JUnitXMLReporter -->
<testsuite ignored="0" hostname="Lohith" failures="0" tests="2" name="Test-Runner-Firefox" time="221.114" errors="0" timestamp="2021-12-06T14:59:26 IST">
  <testcase classname="com.crm.comcast.conatctTest.CreateConatctWithOrgTest" name="createConatctWithOrgTest" time="140.372"/>
  <testcase classname="com.crm.comcast.conatctTest.CreateContactTest" name="createContactTest" time="80.679"/>
</testsuite> <!-- Test-Runner-Firefox -->
