<?xml version="1.0" encoding="UTF-8"?>
<!-- Generated by org.testng.reporters.JUnitXMLReporter -->
<testsuite ignored="0" hostname="Lohith" failures="1" tests="3" name="Test-Runner-Chrome" time="224.355" errors="0" timestamp="2021-12-06T14:59:29 IST">
  <testcase classname="com.crm.comcast.organaizationtest.CreateOrganization_With_Industries_And_Type_Test" name="createOrganization_With_Industries_And_Type_Test" time="1.783">
    <failure type="java.lang.NullPointerException" message="Cannot invoke &amp;quot;org.openqa.selenium.WebDriver.manage()&amp;quot; because &amp;quot;driver&amp;quot; is null">
      <![CDATA[java.lang.NullPointerException: Cannot invoke "org.openqa.selenium.WebDriver.manage()" because "driver" is null
at com.crm.comcast.organaizationtest.CreateOrganization_With_Industries_And_Type_Test.createOrganization_With_Industries_And_Type_Test(CreateOrganization_With_Industries_And_Type_Test.java:77)
at java.base/java.util.ArrayList.forEach(ArrayList.java:1511)
at java.base/java.util.concurrent.FutureTask.run(FutureTask.java:264)
at java.base/java.util.concurrent.ThreadPoolExecutor.runWorker(ThreadPoolExecutor.java:1130)
at java.base/java.util.concurrent.ThreadPoolExecutor$Worker.run(ThreadPoolExecutor.java:630)
at java.base/java.lang.Thread.run(Thread.java:831)
... Removed 18 stack frames]]>
    </failure>
  </testcase> <!-- createOrganization_With_Industries_And_Type_Test -->
  <testcase classname="com.crm.comcast.conatctTest.CreateContact_Support_DateTest" name="createContact_Support_DateTest" time="115.855"/>
  <testcase classname="com.crm.comcast.organaizationtest.CreateOrganizationTest" name="createOrganizationTest" time="71.862"/>
</testsuite> <!-- Test-Runner-Chrome -->
