<?xml version="1.0" encoding="UTF-8"?>
<!-- Generated by org.testng.reporters.JUnitReportReporter -->
<testsuite hostname="Lohith" failures="0" tests="1" name="com.crm.comcast.conatctTest.CreateContact_Support_DateTest" time="115.855" errors="0" timestamp="2021-12-06T14:59:29 IST" skipped="0">
  <testcase classname="com.crm.comcast.conatctTest.CreateContact_Support_DateTest" name="createContact_Support_DateTest" time="115.855"/>
  <system-out/>
</testsuite> <!-- com.crm.comcast.conatctTest.CreateContact_Support_DateTest -->
