<?xml version="1.0" encoding="UTF-8"?>
<!-- Generated by org.testng.reporters.JUnitReportReporter -->
<testsuite hostname="Lohith" failures="0" tests="1" name="com.crm.SDET25.Practice.WriteDataIntoExcelSheet" time="1.558" errors="0" timestamp="2021-11-24T10:04:56 IST" skipped="0">
  <testcase classname="com.crm.SDET25.Practice.WriteDataIntoExcelSheet" name="writeData" time="1.558"/>
  <system-out/>
</testsuite> <!-- com.crm.SDET25.Practice.WriteDataIntoExcelSheet -->
