<?xml version="1.0" encoding="UTF-8"?>
<!-- Generated by org.testng.reporters.JUnitReportReporter -->
<testsuite hostname="Lohith" failures="0" tests="1" name="com.crm.SDET25.Practice.SampleJDBCUpdateQuery" time="0.442" errors="0" timestamp="2021-11-19T16:19:46 IST" skipped="0">
  <testcase classname="com.crm.SDET25.Practice.SampleJDBCUpdateQuery" name="sampeJDBCUpdate" time="0.442"/>
  <system-out/>
</testsuite> <!-- com.crm.SDET25.Practice.SampleJDBCUpdateQuery -->
