<?xml version="1.0" encoding="UTF-8"?>
<!-- Generated by org.testng.reporters.JUnitReportReporter -->
<testsuite hostname="Lohith" failures="0" tests="10" name="com.crm.SDET25.Practice.ContactTest" time="0.040" errors="0" timestamp="2021-12-05T14:12:25 IST" skipped="0">
  <testcase classname="com.crm.SDET25.Practice.ContactTest" name="createContactTest" time="0.003"/>
  <system-out/>
  <testcase classname="com.crm.SDET25.Practice.ContactTest" name="createContactTest" time="0.003"/>
  <system-out/>
  <testcase classname="com.crm.SDET25.Practice.ContactTest" name="createContactTest" time="0.002"/>
  <system-out/>
  <testcase classname="com.crm.SDET25.Practice.ContactTest" name="createContactTest" time="0.003"/>
  <system-out/>
  <testcase classname="com.crm.SDET25.Practice.ContactTest" name="createContactTest" time="0.012"/>
  <system-out/>
  <testcase classname="com.crm.SDET25.Practice.ContactTest" name="createContactTest" time="0.003"/>
  <system-out/>
  <testcase classname="com.crm.SDET25.Practice.ContactTest" name="createContactTest" time="0.007"/>
  <system-out/>
  <testcase classname="com.crm.SDET25.Practice.ContactTest" name="createContactTest" time="0.002"/>
  <system-out/>
  <testcase classname="com.crm.SDET25.Practice.ContactTest" name="createContactTest" time="0.003"/>
  <system-out/>
  <testcase classname="com.crm.SDET25.Practice.ContactTest" name="createContactTest" time="0.002"/>
  <system-out/>
</testsuite> <!-- com.crm.SDET25.Practice.ContactTest -->
