<?xml version="1.0" encoding="UTF-8"?>
<!-- Generated by org.testng.reporters.JUnitReportReporter -->
<testsuite hostname="Lohith" failures="0" tests="3" name="com.vtiger.comcast.organizationtest.CreateContactTest" time="258.076" errors="0" timestamp="2021-12-15T11:03:36 IST" skipped="0">
  <testcase classname="com.vtiger.comcast.organizationtest.CreateContactTest" name="createConatctWithOrgTest" time="122.506"/>
  <system-out/>
  <testcase classname="com.vtiger.comcast.organizationtest.CreateContactTest" name="createContactTest" time="100.011"/>
  <system-out/>
  <testcase classname="com.vtiger.comcast.organizationtest.CreateContactTest" name="createContact_Support_DateTest" time="35.559"/>
  <system-out/>
</testsuite> <!-- com.vtiger.comcast.organizationtest.CreateContactTest -->
