<?xml version="1.0" encoding="UTF-8"?>
<!-- Generated by org.testng.reporters.JUnitReportReporter -->
<testsuite hostname="Lohith" failures="0" tests="2" name="com.vtiger.comcast.organizationtest.CreateOrganizationTest" time="98.351" errors="0" timestamp="2021-12-10T12:50:31 IST" skipped="0">
  <testcase classname="com.vtiger.comcast.organizationtest.CreateOrganizationTest" name="createOrganization_With_Industries_And_Type_Test" time="24.800"/>
  <system-out/>
  <testcase classname="com.vtiger.comcast.organizationtest.CreateOrganizationTest" name="createOrganizationTest" time="73.551"/>
  <system-out/>
</testsuite> <!-- com.vtiger.comcast.organizationtest.CreateOrganizationTest -->
