<?xml version="1.0" encoding="UTF-8"?>
<!-- Generated by org.testng.reporters.JUnitReportReporter -->
<testsuite hostname="Lohith" failures="0" tests="1" name="com.crm.SDET25.Practice.GetTheDataFromExcelSheet" time="1.064" errors="0" timestamp="2021-11-24T10:15:40 IST" skipped="0">
  <testcase classname="com.crm.SDET25.Practice.GetTheDataFromExcelSheet" name="getExcelData" time="1.064"/>
  <system-out/>
</testsuite> <!-- com.crm.SDET25.Practice.GetTheDataFromExcelSheet -->
