<?xml version="1.0" encoding="UTF-8"?>
<!-- Generated by org.testng.reporters.JUnitReportReporter -->
<testsuite hostname="Lohith" failures="0" tests="4" name="com.crm.SDET25.Practice.FetchMultipleData" time="0.024" errors="0" timestamp="2021-11-25T11:05:32 IST" skipped="0">
  <testcase classname="com.crm.SDET25.Practice.FetchMultipleData" name="getata" time="0.011"/>
  <system-out/>
  <testcase classname="com.crm.SDET25.Practice.FetchMultipleData" name="getata" time="0.002"/>
  <system-out/>
  <testcase classname="com.crm.SDET25.Practice.FetchMultipleData" name="getata" time="0.006"/>
  <system-out/>
  <testcase classname="com.crm.SDET25.Practice.FetchMultipleData" name="getata" time="0.005"/>
  <system-out/>
</testsuite> <!-- com.crm.SDET25.Practice.FetchMultipleData -->
