<?xml version="1.0" encoding="UTF-8"?>
<!-- Generated by org.testng.reporters.JUnitReportReporter -->
<testsuite hostname="Lohith" failures="0" tests="1" name="com.crm.SDET25.Practice.SampleJDBCExecuteQuery" time="0.475" errors="0" timestamp="2021-11-21T13:38:17 IST" skipped="0">
  <testcase classname="com.crm.SDET25.Practice.SampleJDBCExecuteQuery" name="sampleJDBCExecuterQuery" time="0.475"/>
  <system-out/>
</testsuite> <!-- com.crm.SDET25.Practice.SampleJDBCExecuteQuery -->
