<?xml version="1.0" encoding="UTF-8"?>
<!-- Generated by org.testng.reporters.JUnitReportReporter -->
<testsuite hostname="Lohith" failures="0" tests="1" name="com.crm.comcast.conatctTest.CreateConatctWithOrgTest" time="154.914" errors="0" timestamp="2021-12-06T15:42:38 IST" skipped="0">
  <testcase classname="com.crm.comcast.conatctTest.CreateConatctWithOrgTest" name="createConatctWithOrgTest" time="154.914"/>
  <system-out/>
</testsuite> <!-- com.crm.comcast.conatctTest.CreateConatctWithOrgTest -->
