<?xml version="1.0" encoding="UTF-8"?>
<!-- Generated by org.testng.reporters.JUnitReportReporter -->
<testsuite hostname="Lohith" failures="0" tests="1" name="com.crm.SDET25.Practice.selectTodaysDate" time="24.027" errors="0" timestamp="2021-11-26T17:37:55 IST" skipped="0">
  <testcase classname="com.crm.SDET25.Practice.selectTodaysDate" name="getdates" time="24.027"/>
  <system-out/>
</testsuite> <!-- com.crm.SDET25.Practice.selectTodaysDate -->
