<?xml version="1.0" encoding="UTF-8"?>
<!-- Generated by org.testng.reporters.JUnitReportReporter -->
<testsuite hostname="Lohith" failures="0" tests="1" name="com.crm.SDET25.Practice.GetTheDataFromExcelSheet2" time="1.308" errors="0" timestamp="2021-11-24T10:16:21 IST" skipped="0">
  <testcase classname="com.crm.SDET25.Practice.GetTheDataFromExcelSheet2" name="getData" time="1.308"/>
  <system-out/>
</testsuite> <!-- com.crm.SDET25.Practice.GetTheDataFromExcelSheet2 -->
