<?xml version="1.0" encoding="UTF-8"?>
<!-- Generated by org.testng.reporters.JUnitReportReporter -->
<testsuite hostname="Lohith" failures="0" tests="1" name="com.crm.SDET25.Practice.GetTheDataFromXmlFile" time="0.016" errors="0" timestamp="2021-12-04T19:15:08 IST" skipped="0">
  <testcase classname="com.crm.SDET25.Practice.GetTheDataFromXmlFile" name="getData" time="0.016"/>
  <system-out/>
</testsuite> <!-- com.crm.SDET25.Practice.GetTheDataFromXmlFile -->
