<?xml version="1.0" encoding="UTF-8"?>
<!-- Generated by org.testng.reporters.JUnitReportReporter -->
<testsuite hostname="Lohith" failures="0" tests="1" name="com.crm.SDET25.Practice.CrmProperty" time="111.754" errors="0" timestamp="2021-11-25T11:24:16 IST" skipped="0">
  <testcase classname="com.crm.SDET25.Practice.CrmProperty" name="crmProperty" time="111.754"/>
  <system-out/>
</testsuite> <!-- com.crm.SDET25.Practice.CrmProperty -->
