<?xml version="1.0" encoding="UTF-8"?>
<!-- Generated by org.testng.reporters.JUnitReportReporter -->
<testsuite hostname="Lohith" failures="0" tests="1" name="com.crm.SDET25.Practice.GetTheDataFromExcelSheet3" time="2.350" errors="0" timestamp="2021-11-25T11:03:34 IST" skipped="0">
  <testcase classname="com.crm.SDET25.Practice.GetTheDataFromExcelSheet3" name="getData" time="2.350"/>
  <system-out/>
</testsuite> <!-- com.crm.SDET25.Practice.GetTheDataFromExcelSheet3 -->
