<?xml version="1.0" encoding="UTF-8"?>
<!-- Generated by org.testng.reporters.JUnitReportReporter -->
<testsuite hostname="Lohith" failures="0" tests="1" name="com.crm.SDET25.Practice.GetTheDataFromExcelsheet4" time="1.005" errors="0" timestamp="2021-11-23T21:25:55 IST" skipped="0">
  <testcase classname="com.crm.SDET25.Practice.GetTheDataFromExcelsheet4" name="getData" time="1.005"/>
  <system-out/>
</testsuite> <!-- com.crm.SDET25.Practice.GetTheDataFromExcelsheet4 -->
